[2026-02-01 11:29:25 +0800] [178662] [INFO] Starting gunicorn 23.0.0
[2026-02-01 11:29:25 +0800] [178662] [INFO] Listening at: http://0.0.0.0:3000 (178662)
[2026-02-01 11:29:25 +0800] [178662] [INFO] Using worker: sync
[2026-02-01 11:29:25 +0800] [178719] [INFO] Booting worker with pid: 178719
[2026-02-01 11:29:34 +0800] [178662] [INFO] Handling signal: int
[2026-02-01 11:29:34 +0800] [178719] [INFO] Worker exiting (pid: 178719)
[2026-02-01 11:29:35 +0800] [178662] [INFO] Shutting down: Master
[2026-02-01 11:30:15 +0800] [178912] [INFO] Starting gunicorn 23.0.0
[2026-02-01 11:30:15 +0800] [178912] [INFO] Listening at: http://0.0.0.0:3000 (178912)
[2026-02-01 11:30:15 +0800] [178912] [INFO] Using worker: sync
[2026-02-01 11:30:15 +0800] [178970] [INFO] Booting worker with pid: 178970
[2026-02-01 11:33:51 +0800] [178970] [INFO] Worker reloading: /home/ralampay/workspace/talarag/ragflaskapi/app/controllers/inquiries_controller.py modified
[2026-02-01 11:33:51 +0800] [178970] [INFO] Worker exiting (pid: 178970)
[2026-02-01 11:33:52 +0800] [180261] [INFO] Booting worker with pid: 180261
[2026-02-01 11:34:03 +0800] [180261] [INFO] Worker reloading: /home/ralampay/workspace/talarag/ragflaskapi/app/operations/inquiries/inquire.py modified
[2026-02-01 11:34:03 +0800] [180261] [INFO] Worker exiting (pid: 180261)
[2026-02-01 11:34:04 +0800] [180328] [INFO] Booting worker with pid: 180328
[2026-02-01 11:37:20 +0800] [180921] [INFO] Starting gunicorn 23.0.0
[2026-02-01 11:37:20 +0800] [180921] [INFO] Listening at: http://0.0.0.0:3000 (180921)
[2026-02-01 11:37:20 +0800] [180921] [INFO] Using worker: sync
[2026-02-01 11:37:20 +0800] [180979] [INFO] Booting worker with pid: 180979
[2026-02-01 11:47:06 +0800] [180921] [INFO] Handling signal: winch
